<?xml version="1.0" encoding="UTF-8"?>
<!-- Generated by org.testng.reporters.JUnitXMLReporter -->
<testsuite ignored="2" hostname="BHANU-LAPTOP" failures="1" tests="4" name="Test" time="0.045" errors="0" timestamp="2023-05-27T11:20:18 IST">
  <testcase classname="day1.DemoA" name="testA" time="0.007"/>
  <testcase classname="day1.DemoA" name="testB" time="0.001"/>
  <testcase classname="day1.DemoB" name="testC" time="0.001"/>
  <testcase classname="day1.DemoB" name="testD" time="0.002">
    <failure type="java.lang.AssertionError" message="Something">
      <![CDATA[java.lang.AssertionError: Something
at day1.DemoB.testD(DemoB.java:17)
at java.base/java.util.ArrayList.forEach(ArrayList.java:1511)
... Removed 28 stack frames]]>
    </failure>
  </testcase> <!-- testD -->
  <testcase classname="day1.BaseTest" name="@AfterSuite endReport" time="0.0">
    <ignored/>
  </testcase> <!-- @AfterSuite endReport -->
  <testcase classname="day1.BaseTest" name="@BeforeSuite initReport" time="0.0">
    <ignored/>
  </testcase> <!-- @BeforeSuite initReport -->
</testsuite> <!-- Test -->
