<?xml version="1.0" encoding="UTF-8"?>
<testng-results ignored="0" total="4" passed="3" failed="1" skipped="0">
  <reporter-output>
  </reporter-output>
  <suite started-at="2023-05-27T11:21:22 IST" name="Suite" finished-at="2023-05-27T11:21:22 IST" duration-ms="44">
    <groups>
    </groups>
    <test started-at="2023-05-27T11:21:22 IST" name="Test1" finished-at="2023-05-27T11:21:22 IST" duration-ms="43">
      <class name="day1.DemoA">
        <test-method is-config="true" signature="createTest(java.lang.reflect.Method)[pri:0, instance:day1.DemoA@19bb07ed]" started-at="2023-05-27T11:21:22 IST" name="createTest" finished-at="2023-05-27T11:21:22 IST" duration-ms="4" status="PASS">
          <params>
            <param index="0">
              <value>
                <![CDATA[public void day1.DemoA.testA()]]>
              </value>
            </param>
          </params>
          <reporter-output>
          </reporter-output>
        </test-method> <!-- createTest -->
        <test-method signature="testA()[pri:0, instance:day1.DemoA@19bb07ed]" started-at="2023-05-27T11:21:22 IST" name="testA" finished-at="2023-05-27T11:21:22 IST" duration-ms="9" status="PASS">
          <reporter-output>
          </reporter-output>
        </test-method> <!-- testA -->
        <test-method signature="testB()[pri:0, instance:day1.DemoA@19bb07ed]" started-at="2023-05-27T11:21:22 IST" name="testB" finished-at="2023-05-27T11:21:22 IST" duration-ms="2" status="PASS">
          <reporter-output>
          </reporter-output>
        </test-method> <!-- testB -->
        <test-method is-config="true" signature="endTest(org.testng.ITestResult)[pri:0, instance:day1.DemoA@19bb07ed]" started-at="2023-05-27T11:21:22 IST" name="endTest" finished-at="2023-05-27T11:21:22 IST" duration-ms="0" status="PASS">
          <params>
            <param index="0">
              <value>
                <![CDATA[[TestResult name=testA status=SUCCESS method=DemoA.testA()[pri:0, instance:day1.DemoA@19bb07ed] output={null}]]]>
              </value>
            </param>
          </params>
          <reporter-output>
          </reporter-output>
        </test-method> <!-- endTest -->
        <test-method is-config="true" signature="createTest(java.lang.reflect.Method)[pri:0, instance:day1.DemoA@19bb07ed]" started-at="2023-05-27T11:21:22 IST" name="createTest" finished-at="2023-05-27T11:21:22 IST" duration-ms="0" status="PASS">
          <params>
            <param index="0">
              <value>
                <![CDATA[public void day1.DemoA.testB()]]>
              </value>
            </param>
          </params>
          <reporter-output>
          </reporter-output>
        </test-method> <!-- createTest -->
        <test-method is-config="true" signature="endTest(org.testng.ITestResult)[pri:0, instance:day1.DemoA@19bb07ed]" started-at="2023-05-27T11:21:22 IST" name="endTest" finished-at="2023-05-27T11:21:22 IST" duration-ms="0" status="PASS">
          <params>
            <param index="0">
              <value>
                <![CDATA[[TestResult name=testB status=SUCCESS method=DemoA.testB()[pri:0, instance:day1.DemoA@19bb07ed] output={null}]]]>
              </value>
            </param>
          </params>
          <reporter-output>
          </reporter-output>
        </test-method> <!-- endTest -->
      </class> <!-- day1.DemoA -->
    </test> <!-- Test1 -->
    <test started-at="2023-05-27T11:21:22 IST" name="Test2" finished-at="2023-05-27T11:21:22 IST" duration-ms="44">
      <class name="day1.DemoB">
        <test-method is-config="true" signature="initReport()[pri:0, instance:day1.DemoB@6a192cfe]" started-at="2023-05-27T11:21:22 IST" name="initReport" finished-at="2023-05-27T11:21:22 IST" duration-ms="198" status="PASS">
          <reporter-output>
          </reporter-output>
        </test-method> <!-- initReport -->
        <test-method is-config="true" signature="createTest(java.lang.reflect.Method)[pri:0, instance:day1.DemoB@6a192cfe]" started-at="2023-05-27T11:21:22 IST" name="createTest" finished-at="2023-05-27T11:21:22 IST" duration-ms="4" status="PASS">
          <params>
            <param index="0">
              <value>
                <![CDATA[public void day1.DemoB.testC()]]>
              </value>
            </param>
          </params>
          <reporter-output>
          </reporter-output>
        </test-method> <!-- createTest -->
        <test-method signature="testC()[pri:0, instance:day1.DemoB@6a192cfe]" started-at="2023-05-27T11:21:22 IST" name="testC" finished-at="2023-05-27T11:21:22 IST" duration-ms="9" status="PASS">
          <reporter-output>
          </reporter-output>
        </test-method> <!-- testC -->
        <test-method is-config="true" signature="endTest(org.testng.ITestResult)[pri:0, instance:day1.DemoB@6a192cfe]" started-at="2023-05-27T11:21:22 IST" name="endTest" finished-at="2023-05-27T11:21:22 IST" duration-ms="0" status="PASS">
          <params>
            <param index="0">
              <value>
                <![CDATA[[TestResult name=testC status=SUCCESS method=DemoB.testC()[pri:0, instance:day1.DemoB@6a192cfe] output={null}]]]>
              </value>
            </param>
          </params>
          <reporter-output>
          </reporter-output>
        </test-method> <!-- endTest -->
        <test-method is-config="true" signature="createTest(java.lang.reflect.Method)[pri:0, instance:day1.DemoB@6a192cfe]" started-at="2023-05-27T11:21:22 IST" name="createTest" finished-at="2023-05-27T11:21:22 IST" duration-ms="0" status="PASS">
          <params>
            <param index="0">
              <value>
                <![CDATA[public void day1.DemoB.testD()]]>
              </value>
            </param>
          </params>
          <reporter-output>
          </reporter-output>
        </test-method> <!-- createTest -->
        <test-method signature="testD()[pri:0, instance:day1.DemoB@6a192cfe]" started-at="2023-05-27T11:21:22 IST" name="testD" finished-at="2023-05-27T11:21:22 IST" duration-ms="3" status="FAIL">
          <exception class="java.lang.AssertionError">
            <message>
              <![CDATA[Something]]>
            </message>
            <full-stacktrace>
              <![CDATA[java.lang.AssertionError: Something
at org.testng.Assert.fail(Assert.java:99)
at day1.DemoB.testD(DemoB.java:17)
at java.base/jdk.internal.reflect.NativeMethodAccessorImpl.invoke0(Native Method)
at java.base/jdk.internal.reflect.NativeMethodAccessorImpl.invoke(NativeMethodAccessorImpl.java:78)
at java.base/jdk.internal.reflect.DelegatingMethodAccessorImpl.invoke(DelegatingMethodAccessorImpl.java:43)
at java.base/java.lang.reflect.Method.invoke(Method.java:567)
at org.testng.internal.MethodInvocationHelper.invokeMethod(MethodInvocationHelper.java:133)
at org.testng.internal.TestInvoker.invokeMethod(TestInvoker.java:598)
at org.testng.internal.TestInvoker.invokeTestMethod(TestInvoker.java:173)
at org.testng.internal.MethodRunner.runInSequence(MethodRunner.java:46)
at org.testng.internal.TestInvoker$MethodInvocationAgent.invoke(TestInvoker.java:824)
at org.testng.internal.TestInvoker.invokeTestMethods(TestInvoker.java:146)
at org.testng.internal.TestMethodWorker.invokeTestMethods(TestMethodWorker.java:146)
at org.testng.internal.TestMethodWorker.run(TestMethodWorker.java:128)
at java.base/java.util.ArrayList.forEach(ArrayList.java:1511)
at org.testng.TestRunner.privateRun(TestRunner.java:794)
at org.testng.TestRunner.run(TestRunner.java:596)
at org.testng.SuiteRunner.runTest(SuiteRunner.java:377)
at org.testng.SuiteRunner.access$000(SuiteRunner.java:28)
at org.testng.SuiteRunner$SuiteWorker.run(SuiteRunner.java:418)
at org.testng.internal.thread.ThreadUtil.lambda$execute$0(ThreadUtil.java:64)
at java.base/java.util.concurrent.FutureTask.run(FutureTask.java:264)
at java.base/java.util.concurrent.ThreadPoolExecutor.runWorker(ThreadPoolExecutor.java:1130)
at java.base/java.util.concurrent.ThreadPoolExecutor$Worker.run(ThreadPoolExecutor.java:630)
at java.base/java.lang.Thread.run(Thread.java:831)
]]>
            </full-stacktrace>
          </exception> <!-- java.lang.AssertionError -->
          <reporter-output>
          </reporter-output>
        </test-method> <!-- testD -->
        <test-method is-config="true" signature="endTest(org.testng.ITestResult)[pri:0, instance:day1.DemoB@6a192cfe]" started-at="2023-05-27T11:21:22 IST" name="endTest" finished-at="2023-05-27T11:21:22 IST" duration-ms="1" status="PASS">
          <params>
            <param index="0">
              <value>
                <![CDATA[[TestResult name=testD status=FAILURE method=DemoB.testD()[pri:0, instance:day1.DemoB@6a192cfe] output={null}]]]>
              </value>
            </param>
          </params>
          <reporter-output>
          </reporter-output>
        </test-method> <!-- endTest -->
        <test-method is-config="true" signature="endReport()[pri:0, instance:day1.DemoB@6a192cfe]" started-at="2023-05-27T11:21:22 IST" name="endReport" finished-at="2023-05-27T11:21:22 IST" duration-ms="257" status="PASS">
          <reporter-output>
          </reporter-output>
        </test-method> <!-- endReport -->
      </class> <!-- day1.DemoB -->
    </test> <!-- Test2 -->
  </suite> <!-- Suite -->
</testng-results>
